The system is: Linux - 2.6.32-504.12.2.el6.x86_64 - x86_64
Compiling the C compiler identification source file "CMakeCCompilerId.c" succeeded.
Compiler: /projects/install/rhel6-x86_64/sems/compiler/gcc/4.9.2/openmpi/1.6.5/bin/mpicc 
Build flags: 
Id flags: 

The output was:
0


Compilation of the C compiler identification source "CMakeCCompilerId.c" produced "a.out"

The C compiler identification is GNU, found in "/home/zabooke/Project/KokkosHPCG/build/CMakeFiles/2.8.12.2/CompilerIdC/a.out"

Compiling the CXX compiler identification source file "CMakeCXXCompilerId.cpp" succeeded.
Compiler: /projects/install/rhel6-x86_64/sems/compiler/gcc/4.9.2/openmpi/1.6.5/bin/mpicxx 
Build flags: 
Id flags: 

The output was:
0


Compilation of the CXX compiler identification source "CMakeCXXCompilerId.cpp" produced "a.out"

The CXX compiler identification is GNU, found in "/home/zabooke/Project/KokkosHPCG/build/CMakeFiles/2.8.12.2/CompilerIdCXX/a.out"

Determining if the C compiler works passed with the following output:
Change Dir: /home/zabooke/Project/KokkosHPCG/build/CMakeFiles/CMakeTmp

Run Build Command:/usr/bin/gmake "cmTryCompileExec2703506189/fast"
/usr/bin/gmake -f CMakeFiles/cmTryCompileExec2703506189.dir/build.make CMakeFiles/cmTryCompileExec2703506189.dir/build
gmake[1]: Entering directory `/home/zabooke/Project/KokkosHPCG/build/CMakeFiles/CMakeTmp'
/projects/install/rhel6-x86_64/sems/utility/cmake/2.8.12/bin/cmake -E cmake_progress_report /home/zabooke/Project/KokkosHPCG/build/CMakeFiles/CMakeTmp/CMakeFiles 1
Building C object CMakeFiles/cmTryCompileExec2703506189.dir/testCCompiler.c.o
/projects/install/rhel6-x86_64/sems/compiler/gcc/4.9.2/openmpi/1.6.5/bin/mpicc    -o CMakeFiles/cmTryCompileExec2703506189.dir/testCCompiler.c.o   -c /home/zabooke/Project/KokkosHPCG/build/CMakeFiles/CMakeTmp/testCCompiler.c
Linking C executable cmTryCompileExec2703506189
/projects/install/rhel6-x86_64/sems/utility/cmake/2.8.12/bin/cmake -E cmake_link_script CMakeFiles/cmTryCompileExec2703506189.dir/link.txt --verbose=1
/projects/install/rhel6-x86_64/sems/compiler/gcc/4.9.2/openmpi/1.6.5/bin/mpicc       CMakeFiles/cmTryCompileExec2703506189.dir/testCCompiler.c.o  -o cmTryCompileExec2703506189 -rdynamic 
gmake[1]: Leaving directory `/home/zabooke/Project/KokkosHPCG/build/CMakeFiles/CMakeTmp'


Detecting C compiler ABI info compiled with the following output:
Change Dir: /home/zabooke/Project/KokkosHPCG/build/CMakeFiles/CMakeTmp

Run Build Command:/usr/bin/gmake "cmTryCompileExec4235223833/fast"
/usr/bin/gmake -f CMakeFiles/cmTryCompileExec4235223833.dir/build.make CMakeFiles/cmTryCompileExec4235223833.dir/build
gmake[1]: Entering directory `/home/zabooke/Project/KokkosHPCG/build/CMakeFiles/CMakeTmp'
/projects/install/rhel6-x86_64/sems/utility/cmake/2.8.12/bin/cmake -E cmake_progress_report /home/zabooke/Project/KokkosHPCG/build/CMakeFiles/CMakeTmp/CMakeFiles 1
Building C object CMakeFiles/cmTryCompileExec4235223833.dir/CMakeCCompilerABI.c.o
/projects/install/rhel6-x86_64/sems/compiler/gcc/4.9.2/openmpi/1.6.5/bin/mpicc    -o CMakeFiles/cmTryCompileExec4235223833.dir/CMakeCCompilerABI.c.o   -c /projects/install/rhel6-x86_64/sems/utility/cmake/2.8.12/share/cmake-2.8/Modules/CMakeCCompilerABI.c
Linking C executable cmTryCompileExec4235223833
/projects/install/rhel6-x86_64/sems/utility/cmake/2.8.12/bin/cmake -E cmake_link_script CMakeFiles/cmTryCompileExec4235223833.dir/link.txt --verbose=1
/projects/install/rhel6-x86_64/sems/compiler/gcc/4.9.2/openmpi/1.6.5/bin/mpicc     -v CMakeFiles/cmTryCompileExec4235223833.dir/CMakeCCompilerABI.c.o  -o cmTryCompileExec4235223833 -rdynamic  
Using built-in specs.
COLLECT_GCC=/projects/install/rhel6-x86_64/sems/compiler/gcc/4.9.2/base/bin/gcc
COLLECT_LTO_WRAPPER=/projects/install/rhel6-x86_64/sems/compiler/gcc/4.9.2/base/libexec/gcc/x86_64-unknown-linux-gnu/4.9.2/lto-wrapper
Target: x86_64-unknown-linux-gnu
Configured with: ./configure --enable-multilib --prefix=/projects/install/rhel6-x86_64/sems/compiler/gcc/4.9.2/base
Thread model: posix
gcc version 4.9.2 (GCC) 
COMPILER_PATH=/projects/install/rhel6-x86_64/sems/compiler/gcc/4.9.2/base/libexec/gcc/x86_64-unknown-linux-gnu/4.9.2/:/projects/install/rhel6-x86_64/sems/compiler/gcc/4.9.2/base/libexec/gcc/x86_64-unknown-linux-gnu/4.9.2/:/projects/install/rhel6-x86_64/sems/compiler/gcc/4.9.2/base/libexec/gcc/x86_64-unknown-linux-gnu/:/projects/install/rhel6-x86_64/sems/compiler/gcc/4.9.2/base/lib/gcc/x86_64-unknown-linux-gnu/4.9.2/:/projects/install/rhel6-x86_64/sems/compiler/gcc/4.9.2/base/lib/gcc/x86_64-unknown-linux-gnu/
LIBRARY_PATH=/projects/install/rhel6-x86_64/sems/compiler/gcc/4.9.2/base/lib/gcc/x86_64-unknown-linux-gnu/4.9.2/:/projects/install/rhel6-x86_64/sems/compiler/gcc/4.9.2/base/lib/gcc/x86_64-unknown-linux-gnu/4.9.2/../../../../lib64/:/lib/../lib64/:/usr/lib/../lib64/:/projects/install/rhel6-x86_64/sems/compiler/gcc/4.9.2/base/lib/gcc/x86_64-unknown-linux-gnu/4.9.2/../../../:/lib/:/usr/lib/
COLLECT_GCC_OPTIONS='-v' '-o' 'cmTryCompileExec4235223833' '-rdynamic' '-I' '/projects/install/rhel6-x86_64/sems/compiler/gcc/4.9.2/openmpi/1.6.5/include' '-pthread' '-L/projects/install/rhel6-x86_64/sems/compiler/gcc/4.9.2/openmpi/1.6.5/lib' '-mtune=generic' '-march=x86-64'
 /projects/install/rhel6-x86_64/sems/compiler/gcc/4.9.2/base/libexec/gcc/x86_64-unknown-linux-gnu/4.9.2/collect2 --eh-frame-hdr -m elf_x86_64 -export-dynamic -dynamic-linker /lib64/ld-linux-x86-64.so.2 -o cmTryCompileExec4235223833 /usr/lib/../lib64/crt1.o /usr/lib/../lib64/crti.o /projects/install/rhel6-x86_64/sems/compiler/gcc/4.9.2/base/lib/gcc/x86_64-unknown-linux-gnu/4.9.2/crtbegin.o -L/projects/install/rhel6-x86_64/sems/compiler/gcc/4.9.2/openmpi/1.6.5/lib -L/projects/install/rhel6-x86_64/sems/compiler/gcc/4.9.2/base/lib/gcc/x86_64-unknown-linux-gnu/4.9.2 -L/projects/install/rhel6-x86_64/sems/compiler/gcc/4.9.2/base/lib/gcc/x86_64-unknown-linux-gnu/4.9.2/../../../../lib64 -L/lib/../lib64 -L/usr/lib/../lib64 -L/projects/install/rhel6-x86_64/sems/compiler/gcc/4.9.2/base/lib/gcc/x86_64-unknown-linux-gnu/4.9.2/../../.. CMakeFiles/cmTryCompileExec4235223833.dir/CMakeCCompilerABI.c.o -lmpi -ldl -lm --export-dynamic -lrt -lnsl -lutil -lm -ldl -lgcc --as-needed -lgcc_s --no-as-needed -lpthread -lc -lgcc --as-needed -lgcc_s --no-as-needed /projects/install/rhel6-x86_64/sems/compiler/gcc/4.9.2/base/lib/gcc/x86_64-unknown-linux-gnu/4.9.2/crtend.o /usr/lib/../lib64/crtn.o
gmake[1]: Leaving directory `/home/zabooke/Project/KokkosHPCG/build/CMakeFiles/CMakeTmp'


Parsed C implicit link information from above output:
  link line regex: [^( *|.*[/\])(ld|([^/\]+-)?ld|collect2)[^/\]*( |$)]
  ignore line: [Change Dir: /home/zabooke/Project/KokkosHPCG/build/CMakeFiles/CMakeTmp]
  ignore line: []
  ignore line: [Run Build Command:/usr/bin/gmake "cmTryCompileExec4235223833/fast"]
  ignore line: [/usr/bin/gmake -f CMakeFiles/cmTryCompileExec4235223833.dir/build.make CMakeFiles/cmTryCompileExec4235223833.dir/build]
  ignore line: [gmake[1]: Entering directory `/home/zabooke/Project/KokkosHPCG/build/CMakeFiles/CMakeTmp']
  ignore line: [/projects/install/rhel6-x86_64/sems/utility/cmake/2.8.12/bin/cmake -E cmake_progress_report /home/zabooke/Project/KokkosHPCG/build/CMakeFiles/CMakeTmp/CMakeFiles 1]
  ignore line: [Building C object CMakeFiles/cmTryCompileExec4235223833.dir/CMakeCCompilerABI.c.o]
  ignore line: [/projects/install/rhel6-x86_64/sems/compiler/gcc/4.9.2/openmpi/1.6.5/bin/mpicc    -o CMakeFiles/cmTryCompileExec4235223833.dir/CMakeCCompilerABI.c.o   -c /projects/install/rhel6-x86_64/sems/utility/cmake/2.8.12/share/cmake-2.8/Modules/CMakeCCompilerABI.c]
  ignore line: [Linking C executable cmTryCompileExec4235223833]
  ignore line: [/projects/install/rhel6-x86_64/sems/utility/cmake/2.8.12/bin/cmake -E cmake_link_script CMakeFiles/cmTryCompileExec4235223833.dir/link.txt --verbose=1]
  ignore line: [/projects/install/rhel6-x86_64/sems/compiler/gcc/4.9.2/openmpi/1.6.5/bin/mpicc     -v CMakeFiles/cmTryCompileExec4235223833.dir/CMakeCCompilerABI.c.o  -o cmTryCompileExec4235223833 -rdynamic  ]
  ignore line: [Using built-in specs.]
  ignore line: [COLLECT_GCC=/projects/install/rhel6-x86_64/sems/compiler/gcc/4.9.2/base/bin/gcc]
  ignore line: [COLLECT_LTO_WRAPPER=/projects/install/rhel6-x86_64/sems/compiler/gcc/4.9.2/base/libexec/gcc/x86_64-unknown-linux-gnu/4.9.2/lto-wrapper]
  ignore line: [Target: x86_64-unknown-linux-gnu]
  ignore line: [Configured with: ./configure --enable-multilib --prefix=/projects/install/rhel6-x86_64/sems/compiler/gcc/4.9.2/base]
  ignore line: [Thread model: posix]
  ignore line: [gcc version 4.9.2 (GCC) ]
  ignore line: [COMPILER_PATH=/projects/install/rhel6-x86_64/sems/compiler/gcc/4.9.2/base/libexec/gcc/x86_64-unknown-linux-gnu/4.9.2/:/projects/install/rhel6-x86_64/sems/compiler/gcc/4.9.2/base/libexec/gcc/x86_64-unknown-linux-gnu/4.9.2/:/projects/install/rhel6-x86_64/sems/compiler/gcc/4.9.2/base/libexec/gcc/x86_64-unknown-linux-gnu/:/projects/install/rhel6-x86_64/sems/compiler/gcc/4.9.2/base/lib/gcc/x86_64-unknown-linux-gnu/4.9.2/:/projects/install/rhel6-x86_64/sems/compiler/gcc/4.9.2/base/lib/gcc/x86_64-unknown-linux-gnu/]
  ignore line: [LIBRARY_PATH=/projects/install/rhel6-x86_64/sems/compiler/gcc/4.9.2/base/lib/gcc/x86_64-unknown-linux-gnu/4.9.2/:/projects/install/rhel6-x86_64/sems/compiler/gcc/4.9.2/base/lib/gcc/x86_64-unknown-linux-gnu/4.9.2/../../../../lib64/:/lib/../lib64/:/usr/lib/../lib64/:/projects/install/rhel6-x86_64/sems/compiler/gcc/4.9.2/base/lib/gcc/x86_64-unknown-linux-gnu/4.9.2/../../../:/lib/:/usr/lib/]
  ignore line: [COLLECT_GCC_OPTIONS='-v' '-o' 'cmTryCompileExec4235223833' '-rdynamic' '-I' '/projects/install/rhel6-x86_64/sems/compiler/gcc/4.9.2/openmpi/1.6.5/include' '-pthread' '-L/projects/install/rhel6-x86_64/sems/compiler/gcc/4.9.2/openmpi/1.6.5/lib' '-mtune=generic' '-march=x86-64']
  link line: [ /projects/install/rhel6-x86_64/sems/compiler/gcc/4.9.2/base/libexec/gcc/x86_64-unknown-linux-gnu/4.9.2/collect2 --eh-frame-hdr -m elf_x86_64 -export-dynamic -dynamic-linker /lib64/ld-linux-x86-64.so.2 -o cmTryCompileExec4235223833 /usr/lib/../lib64/crt1.o /usr/lib/../lib64/crti.o /projects/install/rhel6-x86_64/sems/compiler/gcc/4.9.2/base/lib/gcc/x86_64-unknown-linux-gnu/4.9.2/crtbegin.o -L/projects/install/rhel6-x86_64/sems/compiler/gcc/4.9.2/openmpi/1.6.5/lib -L/projects/install/rhel6-x86_64/sems/compiler/gcc/4.9.2/base/lib/gcc/x86_64-unknown-linux-gnu/4.9.2 -L/projects/install/rhel6-x86_64/sems/compiler/gcc/4.9.2/base/lib/gcc/x86_64-unknown-linux-gnu/4.9.2/../../../../lib64 -L/lib/../lib64 -L/usr/lib/../lib64 -L/projects/install/rhel6-x86_64/sems/compiler/gcc/4.9.2/base/lib/gcc/x86_64-unknown-linux-gnu/4.9.2/../../.. CMakeFiles/cmTryCompileExec4235223833.dir/CMakeCCompilerABI.c.o -lmpi -ldl -lm --export-dynamic -lrt -lnsl -lutil -lm -ldl -lgcc --as-needed -lgcc_s --no-as-needed -lpthread -lc -lgcc --as-needed -lgcc_s --no-as-needed /projects/install/rhel6-x86_64/sems/compiler/gcc/4.9.2/base/lib/gcc/x86_64-unknown-linux-gnu/4.9.2/crtend.o /usr/lib/../lib64/crtn.o]
    arg [/projects/install/rhel6-x86_64/sems/compiler/gcc/4.9.2/base/libexec/gcc/x86_64-unknown-linux-gnu/4.9.2/collect2] ==> ignore
    arg [--eh-frame-hdr] ==> ignore
    arg [-m] ==> ignore
    arg [elf_x86_64] ==> ignore
    arg [-export-dynamic] ==> ignore
    arg [-dynamic-linker] ==> ignore
    arg [/lib64/ld-linux-x86-64.so.2] ==> ignore
    arg [-o] ==> ignore
    arg [cmTryCompileExec4235223833] ==> ignore
    arg [/usr/lib/../lib64/crt1.o] ==> ignore
    arg [/usr/lib/../lib64/crti.o] ==> ignore
    arg [/projects/install/rhel6-x86_64/sems/compiler/gcc/4.9.2/base/lib/gcc/x86_64-unknown-linux-gnu/4.9.2/crtbegin.o] ==> ignore
    arg [-L/projects/install/rhel6-x86_64/sems/compiler/gcc/4.9.2/openmpi/1.6.5/lib] ==> dir [/projects/install/rhel6-x86_64/sems/compiler/gcc/4.9.2/openmpi/1.6.5/lib]
    arg [-L/projects/install/rhel6-x86_64/sems/compiler/gcc/4.9.2/base/lib/gcc/x86_64-unknown-linux-gnu/4.9.2] ==> dir [/projects/install/rhel6-x86_64/sems/compiler/gcc/4.9.2/base/lib/gcc/x86_64-unknown-linux-gnu/4.9.2]
    arg [-L/projects/install/rhel6-x86_64/sems/compiler/gcc/4.9.2/base/lib/gcc/x86_64-unknown-linux-gnu/4.9.2/../../../../lib64] ==> dir [/projects/install/rhel6-x86_64/sems/compiler/gcc/4.9.2/base/lib/gcc/x86_64-unknown-linux-gnu/4.9.2/../../../../lib64]
    arg [-L/lib/../lib64] ==> dir [/lib/../lib64]
    arg [-L/usr/lib/../lib64] ==> dir [/usr/lib/../lib64]
    arg [-L/projects/install/rhel6-x86_64/sems/compiler/gcc/4.9.2/base/lib/gcc/x86_64-unknown-linux-gnu/4.9.2/../../..] ==> dir [/projects/install/rhel6-x86_64/sems/compiler/gcc/4.9.2/base/lib/gcc/x86_64-unknown-linux-gnu/4.9.2/../../..]
    arg [CMakeFiles/cmTryCompileExec4235223833.dir/CMakeCCompilerABI.c.o] ==> ignore
    arg [-lmpi] ==> lib [mpi]
    arg [-ldl] ==> lib [dl]
    arg [-lm] ==> lib [m]
    arg [--export-dynamic] ==> ignore
    arg [-lrt] ==> lib [rt]
    arg [-lnsl] ==> lib [nsl]
    arg [-lutil] ==> lib [util]
    arg [-lm] ==> lib [m]
    arg [-ldl] ==> lib [dl]
    arg [-lgcc] ==> lib [gcc]
    arg [--as-needed] ==> ignore
    arg [-lgcc_s] ==> lib [gcc_s]
    arg [--no-as-needed] ==> ignore
    arg [-lpthread] ==> lib [pthread]
    arg [-lc] ==> lib [c]
    arg [-lgcc] ==> lib [gcc]
    arg [--as-needed] ==> ignore
    arg [-lgcc_s] ==> lib [gcc_s]
    arg [--no-as-needed] ==> ignore
    arg [/projects/install/rhel6-x86_64/sems/compiler/gcc/4.9.2/base/lib/gcc/x86_64-unknown-linux-gnu/4.9.2/crtend.o] ==> ignore
    arg [/usr/lib/../lib64/crtn.o] ==> ignore
  remove lib [gcc]
  remove lib [gcc_s]
  remove lib [gcc]
  remove lib [gcc_s]
  collapse library dir [/projects/install/rhel6-x86_64/sems/compiler/gcc/4.9.2/openmpi/1.6.5/lib] ==> [/projects/install/rhel6-x86_64/sems/compiler/gcc/4.9.2/openmpi/1.6.5/lib]
  collapse library dir [/projects/install/rhel6-x86_64/sems/compiler/gcc/4.9.2/base/lib/gcc/x86_64-unknown-linux-gnu/4.9.2] ==> [/projects/install/rhel6-x86_64/sems/compiler/gcc/4.9.2/base/lib/gcc/x86_64-unknown-linux-gnu/4.9.2]
  collapse library dir [/projects/install/rhel6-x86_64/sems/compiler/gcc/4.9.2/base/lib/gcc/x86_64-unknown-linux-gnu/4.9.2/../../../../lib64] ==> [/projects/install/rhel6-x86_64/sems/compiler/gcc/4.9.2/base/lib64]
  collapse library dir [/lib/../lib64] ==> [/lib64]
  collapse library dir [/usr/lib/../lib64] ==> [/usr/lib64]
  collapse library dir [/projects/install/rhel6-x86_64/sems/compiler/gcc/4.9.2/base/lib/gcc/x86_64-unknown-linux-gnu/4.9.2/../../..] ==> [/projects/install/rhel6-x86_64/sems/compiler/gcc/4.9.2/base/lib]
  implicit libs: [mpi;dl;m;rt;nsl;util;m;dl;pthread;c]
  implicit dirs: [/projects/install/rhel6-x86_64/sems/compiler/gcc/4.9.2/openmpi/1.6.5/lib;/projects/install/rhel6-x86_64/sems/compiler/gcc/4.9.2/base/lib/gcc/x86_64-unknown-linux-gnu/4.9.2;/projects/install/rhel6-x86_64/sems/compiler/gcc/4.9.2/base/lib64;/lib64;/usr/lib64;/projects/install/rhel6-x86_64/sems/compiler/gcc/4.9.2/base/lib]
  implicit fwks: []


Determining if the CXX compiler works passed with the following output:
Change Dir: /home/zabooke/Project/KokkosHPCG/build/CMakeFiles/CMakeTmp

Run Build Command:/usr/bin/gmake "cmTryCompileExec1202551057/fast"
/usr/bin/gmake -f CMakeFiles/cmTryCompileExec1202551057.dir/build.make CMakeFiles/cmTryCompileExec1202551057.dir/build
gmake[1]: Entering directory `/home/zabooke/Project/KokkosHPCG/build/CMakeFiles/CMakeTmp'
/projects/install/rhel6-x86_64/sems/utility/cmake/2.8.12/bin/cmake -E cmake_progress_report /home/zabooke/Project/KokkosHPCG/build/CMakeFiles/CMakeTmp/CMakeFiles 1
Building CXX object CMakeFiles/cmTryCompileExec1202551057.dir/testCXXCompiler.cxx.o
/projects/install/rhel6-x86_64/sems/compiler/gcc/4.9.2/openmpi/1.6.5/bin/mpicxx     -o CMakeFiles/cmTryCompileExec1202551057.dir/testCXXCompiler.cxx.o -c /home/zabooke/Project/KokkosHPCG/build/CMakeFiles/CMakeTmp/testCXXCompiler.cxx
Linking CXX executable cmTryCompileExec1202551057
/projects/install/rhel6-x86_64/sems/utility/cmake/2.8.12/bin/cmake -E cmake_link_script CMakeFiles/cmTryCompileExec1202551057.dir/link.txt --verbose=1
/projects/install/rhel6-x86_64/sems/compiler/gcc/4.9.2/openmpi/1.6.5/bin/mpicxx        CMakeFiles/cmTryCompileExec1202551057.dir/testCXXCompiler.cxx.o  -o cmTryCompileExec1202551057 -rdynamic 
gmake[1]: Leaving directory `/home/zabooke/Project/KokkosHPCG/build/CMakeFiles/CMakeTmp'


Detecting CXX compiler ABI info compiled with the following output:
Change Dir: /home/zabooke/Project/KokkosHPCG/build/CMakeFiles/CMakeTmp

Run Build Command:/usr/bin/gmake "cmTryCompileExec3459685853/fast"
/usr/bin/gmake -f CMakeFiles/cmTryCompileExec3459685853.dir/build.make CMakeFiles/cmTryCompileExec3459685853.dir/build
gmake[1]: Entering directory `/home/zabooke/Project/KokkosHPCG/build/CMakeFiles/CMakeTmp'
/projects/install/rhel6-x86_64/sems/utility/cmake/2.8.12/bin/cmake -E cmake_progress_report /home/zabooke/Project/KokkosHPCG/build/CMakeFiles/CMakeTmp/CMakeFiles 1
Building CXX object CMakeFiles/cmTryCompileExec3459685853.dir/CMakeCXXCompilerABI.cpp.o
/projects/install/rhel6-x86_64/sems/compiler/gcc/4.9.2/openmpi/1.6.5/bin/mpicxx     -o CMakeFiles/cmTryCompileExec3459685853.dir/CMakeCXXCompilerABI.cpp.o -c /projects/install/rhel6-x86_64/sems/utility/cmake/2.8.12/share/cmake-2.8/Modules/CMakeCXXCompilerABI.cpp
Linking CXX executable cmTryCompileExec3459685853
/projects/install/rhel6-x86_64/sems/utility/cmake/2.8.12/bin/cmake -E cmake_link_script CMakeFiles/cmTryCompileExec3459685853.dir/link.txt --verbose=1
/projects/install/rhel6-x86_64/sems/compiler/gcc/4.9.2/openmpi/1.6.5/bin/mpicxx      -v CMakeFiles/cmTryCompileExec3459685853.dir/CMakeCXXCompilerABI.cpp.o  -o cmTryCompileExec3459685853 -rdynamic  
Using built-in specs.
COLLECT_GCC=/projects/install/rhel6-x86_64/sems/compiler/gcc/4.9.2/base/bin/g++
COLLECT_LTO_WRAPPER=/projects/install/rhel6-x86_64/sems/compiler/gcc/4.9.2/base/libexec/gcc/x86_64-unknown-linux-gnu/4.9.2/lto-wrapper
Target: x86_64-unknown-linux-gnu
Configured with: ./configure --enable-multilib --prefix=/projects/install/rhel6-x86_64/sems/compiler/gcc/4.9.2/base
Thread model: posix
gcc version 4.9.2 (GCC) 
COMPILER_PATH=/projects/install/rhel6-x86_64/sems/compiler/gcc/4.9.2/base/libexec/gcc/x86_64-unknown-linux-gnu/4.9.2/:/projects/install/rhel6-x86_64/sems/compiler/gcc/4.9.2/base/libexec/gcc/x86_64-unknown-linux-gnu/4.9.2/:/projects/install/rhel6-x86_64/sems/compiler/gcc/4.9.2/base/libexec/gcc/x86_64-unknown-linux-gnu/:/projects/install/rhel6-x86_64/sems/compiler/gcc/4.9.2/base/lib/gcc/x86_64-unknown-linux-gnu/4.9.2/:/projects/install/rhel6-x86_64/sems/compiler/gcc/4.9.2/base/lib/gcc/x86_64-unknown-linux-gnu/
LIBRARY_PATH=/projects/install/rhel6-x86_64/sems/compiler/gcc/4.9.2/base/lib/gcc/x86_64-unknown-linux-gnu/4.9.2/:/projects/install/rhel6-x86_64/sems/compiler/gcc/4.9.2/base/lib/gcc/x86_64-unknown-linux-gnu/4.9.2/../../../../lib64/:/lib/../lib64/:/usr/lib/../lib64/:/projects/install/rhel6-x86_64/sems/compiler/gcc/4.9.2/base/lib/gcc/x86_64-unknown-linux-gnu/4.9.2/../../../:/lib/:/usr/lib/
COLLECT_GCC_OPTIONS='-v' '-o' 'cmTryCompileExec3459685853' '-rdynamic' '-I' '/projects/install/rhel6-x86_64/sems/compiler/gcc/4.9.2/openmpi/1.6.5/include' '-pthread' '-L/projects/install/rhel6-x86_64/sems/compiler/gcc/4.9.2/openmpi/1.6.5/lib' '-shared-libgcc' '-mtune=generic' '-march=x86-64'
 /projects/install/rhel6-x86_64/sems/compiler/gcc/4.9.2/base/libexec/gcc/x86_64-unknown-linux-gnu/4.9.2/collect2 --eh-frame-hdr -m elf_x86_64 -export-dynamic -dynamic-linker /lib64/ld-linux-x86-64.so.2 -o cmTryCompileExec3459685853 /usr/lib/../lib64/crt1.o /usr/lib/../lib64/crti.o /projects/install/rhel6-x86_64/sems/compiler/gcc/4.9.2/base/lib/gcc/x86_64-unknown-linux-gnu/4.9.2/crtbegin.o -L/projects/install/rhel6-x86_64/sems/compiler/gcc/4.9.2/openmpi/1.6.5/lib -L/projects/install/rhel6-x86_64/sems/compiler/gcc/4.9.2/base/lib/gcc/x86_64-unknown-linux-gnu/4.9.2 -L/projects/install/rhel6-x86_64/sems/compiler/gcc/4.9.2/base/lib/gcc/x86_64-unknown-linux-gnu/4.9.2/../../../../lib64 -L/lib/../lib64 -L/usr/lib/../lib64 -L/projects/install/rhel6-x86_64/sems/compiler/gcc/4.9.2/base/lib/gcc/x86_64-unknown-linux-gnu/4.9.2/../../.. CMakeFiles/cmTryCompileExec3459685853.dir/CMakeCXXCompilerABI.cpp.o -lmpi_cxx -lmpi -ldl --export-dynamic -lrt -lnsl -lutil -lm -ldl -lstdc++ -lm -lgcc_s -lgcc -lpthread -lc -lgcc_s -lgcc /projects/install/rhel6-x86_64/sems/compiler/gcc/4.9.2/base/lib/gcc/x86_64-unknown-linux-gnu/4.9.2/crtend.o /usr/lib/../lib64/crtn.o
gmake[1]: Leaving directory `/home/zabooke/Project/KokkosHPCG/build/CMakeFiles/CMakeTmp'


Parsed CXX implicit link information from above output:
  link line regex: [^( *|.*[/\])(ld|([^/\]+-)?ld|collect2)[^/\]*( |$)]
  ignore line: [Change Dir: /home/zabooke/Project/KokkosHPCG/build/CMakeFiles/CMakeTmp]
  ignore line: []
  ignore line: [Run Build Command:/usr/bin/gmake "cmTryCompileExec3459685853/fast"]
  ignore line: [/usr/bin/gmake -f CMakeFiles/cmTryCompileExec3459685853.dir/build.make CMakeFiles/cmTryCompileExec3459685853.dir/build]
  ignore line: [gmake[1]: Entering directory `/home/zabooke/Project/KokkosHPCG/build/CMakeFiles/CMakeTmp']
  ignore line: [/projects/install/rhel6-x86_64/sems/utility/cmake/2.8.12/bin/cmake -E cmake_progress_report /home/zabooke/Project/KokkosHPCG/build/CMakeFiles/CMakeTmp/CMakeFiles 1]
  ignore line: [Building CXX object CMakeFiles/cmTryCompileExec3459685853.dir/CMakeCXXCompilerABI.cpp.o]
  ignore line: [/projects/install/rhel6-x86_64/sems/compiler/gcc/4.9.2/openmpi/1.6.5/bin/mpicxx     -o CMakeFiles/cmTryCompileExec3459685853.dir/CMakeCXXCompilerABI.cpp.o -c /projects/install/rhel6-x86_64/sems/utility/cmake/2.8.12/share/cmake-2.8/Modules/CMakeCXXCompilerABI.cpp]
  ignore line: [Linking CXX executable cmTryCompileExec3459685853]
  ignore line: [/projects/install/rhel6-x86_64/sems/utility/cmake/2.8.12/bin/cmake -E cmake_link_script CMakeFiles/cmTryCompileExec3459685853.dir/link.txt --verbose=1]
  ignore line: [/projects/install/rhel6-x86_64/sems/compiler/gcc/4.9.2/openmpi/1.6.5/bin/mpicxx      -v CMakeFiles/cmTryCompileExec3459685853.dir/CMakeCXXCompilerABI.cpp.o  -o cmTryCompileExec3459685853 -rdynamic  ]
  ignore line: [Using built-in specs.]
  ignore line: [COLLECT_GCC=/projects/install/rhel6-x86_64/sems/compiler/gcc/4.9.2/base/bin/g++]
  ignore line: [COLLECT_LTO_WRAPPER=/projects/install/rhel6-x86_64/sems/compiler/gcc/4.9.2/base/libexec/gcc/x86_64-unknown-linux-gnu/4.9.2/lto-wrapper]
  ignore line: [Target: x86_64-unknown-linux-gnu]
  ignore line: [Configured with: ./configure --enable-multilib --prefix=/projects/install/rhel6-x86_64/sems/compiler/gcc/4.9.2/base]
  ignore line: [Thread model: posix]
  ignore line: [gcc version 4.9.2 (GCC) ]
  ignore line: [COMPILER_PATH=/projects/install/rhel6-x86_64/sems/compiler/gcc/4.9.2/base/libexec/gcc/x86_64-unknown-linux-gnu/4.9.2/:/projects/install/rhel6-x86_64/sems/compiler/gcc/4.9.2/base/libexec/gcc/x86_64-unknown-linux-gnu/4.9.2/:/projects/install/rhel6-x86_64/sems/compiler/gcc/4.9.2/base/libexec/gcc/x86_64-unknown-linux-gnu/:/projects/install/rhel6-x86_64/sems/compiler/gcc/4.9.2/base/lib/gcc/x86_64-unknown-linux-gnu/4.9.2/:/projects/install/rhel6-x86_64/sems/compiler/gcc/4.9.2/base/lib/gcc/x86_64-unknown-linux-gnu/]
  ignore line: [LIBRARY_PATH=/projects/install/rhel6-x86_64/sems/compiler/gcc/4.9.2/base/lib/gcc/x86_64-unknown-linux-gnu/4.9.2/:/projects/install/rhel6-x86_64/sems/compiler/gcc/4.9.2/base/lib/gcc/x86_64-unknown-linux-gnu/4.9.2/../../../../lib64/:/lib/../lib64/:/usr/lib/../lib64/:/projects/install/rhel6-x86_64/sems/compiler/gcc/4.9.2/base/lib/gcc/x86_64-unknown-linux-gnu/4.9.2/../../../:/lib/:/usr/lib/]
  ignore line: [COLLECT_GCC_OPTIONS='-v' '-o' 'cmTryCompileExec3459685853' '-rdynamic' '-I' '/projects/install/rhel6-x86_64/sems/compiler/gcc/4.9.2/openmpi/1.6.5/include' '-pthread' '-L/projects/install/rhel6-x86_64/sems/compiler/gcc/4.9.2/openmpi/1.6.5/lib' '-shared-libgcc' '-mtune=generic' '-march=x86-64']
  link line: [ /projects/install/rhel6-x86_64/sems/compiler/gcc/4.9.2/base/libexec/gcc/x86_64-unknown-linux-gnu/4.9.2/collect2 --eh-frame-hdr -m elf_x86_64 -export-dynamic -dynamic-linker /lib64/ld-linux-x86-64.so.2 -o cmTryCompileExec3459685853 /usr/lib/../lib64/crt1.o /usr/lib/../lib64/crti.o /projects/install/rhel6-x86_64/sems/compiler/gcc/4.9.2/base/lib/gcc/x86_64-unknown-linux-gnu/4.9.2/crtbegin.o -L/projects/install/rhel6-x86_64/sems/compiler/gcc/4.9.2/openmpi/1.6.5/lib -L/projects/install/rhel6-x86_64/sems/compiler/gcc/4.9.2/base/lib/gcc/x86_64-unknown-linux-gnu/4.9.2 -L/projects/install/rhel6-x86_64/sems/compiler/gcc/4.9.2/base/lib/gcc/x86_64-unknown-linux-gnu/4.9.2/../../../../lib64 -L/lib/../lib64 -L/usr/lib/../lib64 -L/projects/install/rhel6-x86_64/sems/compiler/gcc/4.9.2/base/lib/gcc/x86_64-unknown-linux-gnu/4.9.2/../../.. CMakeFiles/cmTryCompileExec3459685853.dir/CMakeCXXCompilerABI.cpp.o -lmpi_cxx -lmpi -ldl --export-dynamic -lrt -lnsl -lutil -lm -ldl -lstdc++ -lm -lgcc_s -lgcc -lpthread -lc -lgcc_s -lgcc /projects/install/rhel6-x86_64/sems/compiler/gcc/4.9.2/base/lib/gcc/x86_64-unknown-linux-gnu/4.9.2/crtend.o /usr/lib/../lib64/crtn.o]
    arg [/projects/install/rhel6-x86_64/sems/compiler/gcc/4.9.2/base/libexec/gcc/x86_64-unknown-linux-gnu/4.9.2/collect2] ==> ignore
    arg [--eh-frame-hdr] ==> ignore
    arg [-m] ==> ignore
    arg [elf_x86_64] ==> ignore
    arg [-export-dynamic] ==> ignore
    arg [-dynamic-linker] ==> ignore
    arg [/lib64/ld-linux-x86-64.so.2] ==> ignore
    arg [-o] ==> ignore
    arg [cmTryCompileExec3459685853] ==> ignore
    arg [/usr/lib/../lib64/crt1.o] ==> ignore
    arg [/usr/lib/../lib64/crti.o] ==> ignore
    arg [/projects/install/rhel6-x86_64/sems/compiler/gcc/4.9.2/base/lib/gcc/x86_64-unknown-linux-gnu/4.9.2/crtbegin.o] ==> ignore
    arg [-L/projects/install/rhel6-x86_64/sems/compiler/gcc/4.9.2/openmpi/1.6.5/lib] ==> dir [/projects/install/rhel6-x86_64/sems/compiler/gcc/4.9.2/openmpi/1.6.5/lib]
    arg [-L/projects/install/rhel6-x86_64/sems/compiler/gcc/4.9.2/base/lib/gcc/x86_64-unknown-linux-gnu/4.9.2] ==> dir [/projects/install/rhel6-x86_64/sems/compiler/gcc/4.9.2/base/lib/gcc/x86_64-unknown-linux-gnu/4.9.2]
    arg [-L/projects/install/rhel6-x86_64/sems/compiler/gcc/4.9.2/base/lib/gcc/x86_64-unknown-linux-gnu/4.9.2/../../../../lib64] ==> dir [/projects/install/rhel6-x86_64/sems/compiler/gcc/4.9.2/base/lib/gcc/x86_64-unknown-linux-gnu/4.9.2/../../../../lib64]
    arg [-L/lib/../lib64] ==> dir [/lib/../lib64]
    arg [-L/usr/lib/../lib64] ==> dir [/usr/lib/../lib64]
    arg [-L/projects/install/rhel6-x86_64/sems/compiler/gcc/4.9.2/base/lib/gcc/x86_64-unknown-linux-gnu/4.9.2/../../..] ==> dir [/projects/install/rhel6-x86_64/sems/compiler/gcc/4.9.2/base/lib/gcc/x86_64-unknown-linux-gnu/4.9.2/../../..]
    arg [CMakeFiles/cmTryCompileExec3459685853.dir/CMakeCXXCompilerABI.cpp.o] ==> ignore
    arg [-lmpi_cxx] ==> lib [mpi_cxx]
    arg [-lmpi] ==> lib [mpi]
    arg [-ldl] ==> lib [dl]
    arg [--export-dynamic] ==> ignore
    arg [-lrt] ==> lib [rt]
    arg [-lnsl] ==> lib [nsl]
    arg [-lutil] ==> lib [util]
    arg [-lm] ==> lib [m]
    arg [-ldl] ==> lib [dl]
    arg [-lstdc++] ==> lib [stdc++]
    arg [-lm] ==> lib [m]
    arg [-lgcc_s] ==> lib [gcc_s]
    arg [-lgcc] ==> lib [gcc]
    arg [-lpthread] ==> lib [pthread]
    arg [-lc] ==> lib [c]
    arg [-lgcc_s] ==> lib [gcc_s]
    arg [-lgcc] ==> lib [gcc]
    arg [/projects/install/rhel6-x86_64/sems/compiler/gcc/4.9.2/base/lib/gcc/x86_64-unknown-linux-gnu/4.9.2/crtend.o] ==> ignore
    arg [/usr/lib/../lib64/crtn.o] ==> ignore
  remove lib [gcc_s]
  remove lib [gcc]
  remove lib [gcc_s]
  remove lib [gcc]
  collapse library dir [/projects/install/rhel6-x86_64/sems/compiler/gcc/4.9.2/openmpi/1.6.5/lib] ==> [/projects/install/rhel6-x86_64/sems/compiler/gcc/4.9.2/openmpi/1.6.5/lib]
  collapse library dir [/projects/install/rhel6-x86_64/sems/compiler/gcc/4.9.2/base/lib/gcc/x86_64-unknown-linux-gnu/4.9.2] ==> [/projects/install/rhel6-x86_64/sems/compiler/gcc/4.9.2/base/lib/gcc/x86_64-unknown-linux-gnu/4.9.2]
  collapse library dir [/projects/install/rhel6-x86_64/sems/compiler/gcc/4.9.2/base/lib/gcc/x86_64-unknown-linux-gnu/4.9.2/../../../../lib64] ==> [/projects/install/rhel6-x86_64/sems/compiler/gcc/4.9.2/base/lib64]
  collapse library dir [/lib/../lib64] ==> [/lib64]
  collapse library dir [/usr/lib/../lib64] ==> [/usr/lib64]
  collapse library dir [/projects/install/rhel6-x86_64/sems/compiler/gcc/4.9.2/base/lib/gcc/x86_64-unknown-linux-gnu/4.9.2/../../..] ==> [/projects/install/rhel6-x86_64/sems/compiler/gcc/4.9.2/base/lib]
  implicit libs: [mpi_cxx;mpi;dl;rt;nsl;util;m;dl;stdc++;m;pthread;c]
  implicit dirs: [/projects/install/rhel6-x86_64/sems/compiler/gcc/4.9.2/openmpi/1.6.5/lib;/projects/install/rhel6-x86_64/sems/compiler/gcc/4.9.2/base/lib/gcc/x86_64-unknown-linux-gnu/4.9.2;/projects/install/rhel6-x86_64/sems/compiler/gcc/4.9.2/base/lib64;/lib64;/usr/lib64;/projects/install/rhel6-x86_64/sems/compiler/gcc/4.9.2/base/lib]
  implicit fwks: []


